#
# A fatal error has been detected by the Java Runtime Environment:
#
#  EXCEPTION_ACCESS_VIOLATION (0xc0000005) at pc=0x6d92e56a, pid=1172, tid=2576
#
# JRE version: 6.0_25-b06
# Java VM: Java HotSpot(TM) Client VM (20.0-b11 mixed mode windows-x86 )
# Problematic frame:
# V  [jvm.dll+0x8e56a]
#
# If you would like to submit a bug report, please visit:
#   http://java.sun.com/webapps/bugreport/crash.jsp
#

---------------  T H R E A D  ---------------

Current thread (0x00b63400):  VMThread [stack: 0x01680000,0x01880000] [id=2576]

siginfo: ExceptionCode=0xc0000005, reading address 0x42000000

Registers:
EAX=0x0000018d, EBX=0x2979fe18, ECX=0x0af46018, EDX=0x0000018d
ESP=0x0187f91c, EBP=0x0187f930, ESI=0x42000000, EDI=0x2979fd98
EIP=0x6d92e56a, EFLAGS=0x00010206

Top of Stack: (sp=0x0187f91c)
0x0187f91c:   28051088 2979fd48 00000001 00000031
0x0187f92c:   00000003 0187f948 6d92e7f0 2979fd48
0x0187f93c:   00000031 2866d758 000003fe 0187f968
0x0187f94c:   6d9d8673 2979fd48 6db10ef0 28067c88
0x0187f95c:   00af5778 00000003 0187f974 0187f974
0x0187f96c:   6d9d8a42 6db10ef0 0187f988 6d909b94
0x0187f97c:   6db1f138 6db10ef0 00af5778 0187f9a4
0x0187f98c:   6d906079 6db10ef0 00000000 6db10ef0 

Instructions: (pc=0x6d92e56a)
0x6d92e54a:   8d 7c 8f 0c 3b fb 89 45 0c 0f 83 a8 00 00 00 56
0x6d92e55a:   8d 9b 00 00 00 00 8b 37 85 f6 0f 84 85 00 00 00
0x6d92e56a:   8b 06 83 e0 03 3c 03 74 7c 8b 06 c7 45 fc 03 00
0x6d92e57a:   00 00 8b 4d fc 89 0e 8a 0d b9 5b b0 6d 84 c9 75 


Register to memory mapping:

EAX=0x0000018d is an unknown value
EBX=0x2979fe18 is an oop
{constMethod} 
 - klass: {other class}
 - method:       0x2979fee0 {method} 'hashCode' '()I' in 'java/awt/datatransfer/DataFlavor'
 - exceptions:   0x280511e8
ECX=0x0af46018 is an unknown value
EDX=0x0000018d is an unknown value
ESP=0x0187f91c is an unknown value
EBP=0x0187f930 is an unknown value
ESI=0x42000000 is an unknown value
EDI=0x2979fd98 is an oop
[B 
 - klass: {type array byte}
 - length: 1090519046


Stack: [0x01680000,0x01880000],  sp=0x0187f91c,  free space=2046k
Native frames: (J=compiled Java code, j=interpreted, Vv=VM code, C=native code)
V  [jvm.dll+0x8e56a]
V  [jvm.dll+0x8e7f0]
V  [jvm.dll+0x138673]
V  [jvm.dll+0x138a42]
V  [jvm.dll+0x69b94]
V  [jvm.dll+0x66079]
V  [jvm.dll+0x604d0]
V  [jvm.dll+0x622b0]
V  [jvm.dll+0x62710]
V  [jvm.dll+0x6129a]
V  [jvm.dll+0x68642]
V  [jvm.dll+0x5ff28]
V  [jvm.dll+0x60321]
V  [jvm.dll+0x13b0c0]
V  [jvm.dll+0x11d903]
V  [jvm.dll+0x11cbce]
V  [jvm.dll+0x11cef0]
V  [jvm.dll+0x11d2f2]
V  [jvm.dll+0x140a8c]
C  [MSVCR71.dll+0x9565]  endthreadex+0xa0
C  [kernel32.dll+0xb729]  GetModuleFileNameA+0x1ba

VM_Operation (0x0a0be3e8): GenCollectForPermanentAllocation, mode: safepoint, requested by thread 0x072ef000


---------------  P R O C E S S  ---------------

Java Threads: ( => current thread )
  0x07674c00 JavaThread "Inactive RequestProcessor thread [Was:org.netbeans.modules.project.ui.ProjectTab/org.netbeans.modules.project.ui.ProjectTab$KeepExpansion]" daemon [_thread_blocked, id=2416, stack(0x0e0e0000,0x0e2e0000)]
  0x0767b800 JavaThread "CaretMarkProvider" daemon [_thread_blocked, id=2424, stack(0x0dee0000,0x0e0e0000)]
  0x0750bc00 JavaThread "Spellchecker" daemon [_thread_blocked, id=2636, stack(0x0dce0000,0x0dee0000)]
  0x0750ac00 JavaThread "Inactive RequestProcessor thread [Was:org.netbeans.modules.editor.url.HighlightURLs/org.netbeans.modules.editor.url.HighlightURLs]" daemon [_thread_blocked, id=2648, stack(0x0dae0000,0x0dce0000)]
  0x075c1400 JavaThread "W32 File Monitor" daemon [_thread_blocked, id=3668, stack(0x0d8e0000,0x0dae0000)]
  0x0758a400 JavaThread "Inactive RequestProcessor thread [Was:Versioning long tasks/org.netbeans.modules.versioning.diff.DiffSidebar$RefreshDiffTask]" daemon [_thread_blocked, id=2928, stack(0x0d6e0000,0x0d8e0000)]
  0x06ed7400 JavaThread "CND Repository Queue Dispatcher" [_thread_blocked, id=3040, stack(0x0d4e0000,0x0d6e0000)]
  0x06ecb400 JavaThread "Class View Updater" [_thread_blocked, id=3796, stack(0x0d2e0000,0x0d4e0000)]
  0x07582400 JavaThread "Image Fetcher 3" daemon [_thread_blocked, id=2632, stack(0x0d0e0000,0x0d2e0000)]
  0x07574400 JavaThread "Image Fetcher 2" daemon [_thread_blocked, id=3480, stack(0x0cee0000,0x0d0e0000)]
  0x07572400 JavaThread "Image Fetcher 1" daemon [_thread_blocked, id=2852, stack(0x0cce0000,0x0cee0000)]
  0x0752e400 JavaThread "File Watcher" [_thread_blocked, id=1740, stack(0x0cae0000,0x0cce0000)]
  0x074a1400 JavaThread "Flushing caches" [_thread_blocked, id=1600, stack(0x0c8e0000,0x0cae0000)]
  0x07492c00 JavaThread "Code Model Parser 0" daemon [_thread_blocked, id=2072, stack(0x0c6e0000,0x0c8e0000)]
  0x07488800 JavaThread "Repository writer 0" daemon [_thread_blocked, id=3244, stack(0x0c4e0000,0x0c6e0000)]
  0x07343c00 JavaThread "Image Fetcher 0" daemon [_thread_blocked, id=2600, stack(0x0c2e0000,0x0c4e0000)]
  0x00bd7000 JavaThread "AWT-EventQueue-1" [_thread_blocked, id=336, stack(0x0c0e0000,0x0c2e0000)]
  0x06e87c00 JavaThread "TimerQueue" daemon [_thread_blocked, id=2496, stack(0x0a8e0000,0x0aae0000)]
  0x0769e400 JavaThread "Worker-JM" [_thread_blocked, id=1564, stack(0x0bee0000,0x0c0e0000)]
  0x0af36c00 JavaThread "Framework Event Dispatcher" daemon [_thread_blocked, id=2588, stack(0x0bce0000,0x0bee0000)]
  0x0af49400 JavaThread "Code Model Parser 1" daemon [_thread_blocked, id=2640, stack(0x0bad0000,0x0bcd0000)]
  0x0af2cc00 JavaThread "Thread-2" daemon [_thread_blocked, id=2572, stack(0x0b8d0000,0x0bad0000)]
  0x0aed7400 JavaThread "AWT-Shutdown" [_thread_blocked, id=2560, stack(0x0a4d0000,0x0a6d0000)]
  0x07348400 JavaThread "State Data Manager" daemon [_thread_blocked, id=3968, stack(0x0b6d0000,0x0b8d0000)]
  0x076b2400 JavaThread "Framework Active Thread" [_thread_blocked, id=1960, stack(0x0acd0000,0x0aed0000)]
  0x0732e800 JavaThread "AWT-Windows" daemon [_thread_in_native, id=1540, stack(0x0a6d0000,0x0a8d0000)]
  0x07322c00 JavaThread "Java2D Disposer" daemon [_thread_blocked, id=3964, stack(0x0a2d0000,0x0a4d0000)]
  0x072ef000 JavaThread "EditorBracesMatching" daemon [_thread_blocked, id=2580, stack(0x09ec0000,0x0a0c0000)]
  0x0705fc00 JavaThread "CLI Requests Server" daemon [_thread_in_native, id=1520, stack(0x09cc0000,0x09ec0000)]
  0x0705b800 JavaThread "Active Reference Queue Daemon" daemon [_thread_blocked, id=576, stack(0x076e0000,0x078e0000)]
  0x06ed1c00 JavaThread "RequestProcessor queue manager" daemon [_thread_blocked, id=448, stack(0x07060000,0x07260000)]
  0x00b91800 JavaThread "Low Memory Detector" daemon [_thread_blocked, id=2668, stack(0x06a60000,0x06c60000)]
  0x00b8b400 JavaThread "C1 CompilerThread0" daemon [_thread_blocked, id=1668, stack(0x06860000,0x06a60000)]
  0x00b7d000 JavaThread "Attach Listener" daemon [_thread_blocked, id=2904, stack(0x06660000,0x06860000)]
  0x00b7c000 JavaThread "Signal Dispatcher" daemon [_thread_blocked, id=2764, stack(0x06460000,0x06660000)]
  0x00b6bc00 JavaThread "Finalizer" daemon [_thread_blocked, id=3340, stack(0x06040000,0x06240000)]
  0x00b67400 JavaThread "Reference Handler" daemon [_thread_blocked, id=644, stack(0x05e40000,0x06040000)]
  0x00af1c00 JavaThread "main" [_thread_blocked, id=2440, stack(0x00030000,0x00230000)]

Other Threads:
=>0x00b63400 VMThread [stack: 0x01680000,0x01880000] [id=2576]
  0x00b95400 WatcherThread [stack: 0x06c60000,0x06e60000] [id=3452]

VM state:at safepoint (normal execution)

VM Mutex/Monitor currently owned by a thread:  ([mutex/lock_event])
[0x00af0b40] Threads_lock - owner thread: 0x00b63400
[0x00af0f50] Heap_lock - owner thread: 0x072ef000

Heap
 def new generation   total 9792K, used 8727K [0x10050000, 0x10af0000, 0x18050000)
  eden space 8704K,  98% used [0x10050000, 0x108a57e8, 0x108d0000)
  from space 1088K,  17% used [0x109e0000, 0x10a104a8, 0x10af0000)
  to   space 1088K,   0% used [0x108d0000, 0x108d0000, 0x109e0000)
 tenured generation   total 21888K, used 19814K [0x18050000, 0x195b0000, 0x28050000)
   the space 21888K,  90% used [0x18050000, 0x193a9af8, 0x193a9c00, 0x195b0000)
 compacting perm gen  total 36864K, used 36863K [0x28050000, 0x2a450000, 0x38050000)
   the space 36864K,  99% used [0x28050000, 0x2a44ff98, 0x2a450000, 0x2a450000)
No shared spaces configured.

Code Cache  [0x01b00000, 0x01e68000, 0x03b00000)
 total_blobs=2041 nmethods=1817 adapters=159 free_code_cache=30001344 largest_free_block=384

Dynamic libraries:
0x00400000 - 0x0047a000 	C:\Program Files\NetBeans 7.1.1_CDT\bin\netbeans.exe
0x7c940000 - 0x7c9df000 	C:\WINDOWS\system32\ntdll.dll
0x7c800000 - 0x7c933000 	C:\WINDOWS\system32\kernel32.dll
0x77bc0000 - 0x77c18000 	C:\WINDOWS\system32\msvcrt.dll
0x77d80000 - 0x77e29000 	C:\WINDOWS\system32\ADVAPI32.DLL
0x77e30000 - 0x77ec3000 	C:\WINDOWS\system32\RPCRT4.dll
0x77fa0000 - 0x77fb1000 	C:\WINDOWS\system32\Secur32.dll
0x77cf0000 - 0x77d80000 	C:\WINDOWS\system32\USER32.dll
0x77ed0000 - 0x77f19000 	C:\WINDOWS\system32\GDI32.dll
0x762e0000 - 0x762fd000 	C:\WINDOWS\system32\IMM32.DLL
0x60740000 - 0x60749000 	C:\WINDOWS\system32\LPK.DLL
0x73f80000 - 0x73feb000 	C:\WINDOWS\system32\USP10.dll
0x10000000 - 0x1004c000 	C:\Program Files\NetBeans 7.1.1_CDT\platform\lib\nbexec.dll
0x6d8a0000 - 0x6db4f000 	C:\WORKS\PROGRAMS\Java\jdk1.6.0_25\jre\bin\client\jvm.dll
0x76af0000 - 0x76b1b000 	C:\WINDOWS\system32\WINMM.dll
0x7c340000 - 0x7c396000 	C:\WORKS\PROGRAMS\Java\jdk1.6.0_25\jre\bin\MSVCR71.dll
0x6d7b0000 - 0x6d7d2000 	C:\WORKS\PROGRAMS\Java\jdk1.6.0_25\jre\bin\splashscreen.dll
0x58730000 - 0x58768000 	C:\WINDOWS\system32\uxtheme.dll
0x6d850000 - 0x6d85c000 	C:\WORKS\PROGRAMS\Java\jdk1.6.0_25\jre\bin\verify.dll
0x6d3d0000 - 0x6d3ef000 	C:\WORKS\PROGRAMS\Java\jdk1.6.0_25\jre\bin\java.dll
0x60d20000 - 0x60d88000 	C:\PROGRAM FILES\NORTON INTERNET SECURITY\ENGINE\18.7.1.3\ASOEHOOK.DLL
0x5ab60000 - 0x5abfa000 	C:\WINDOWS\system32\COMCTL32.dll
0x76970000 - 0x76aae000 	C:\WINDOWS\system32\ole32.dll
0x770d0000 - 0x7715b000 	C:\WINDOWS\system32\OLEAUT32.dll
0x78520000 - 0x785c3000 	C:\WINDOWS\WinSxS\x86_Microsoft.VC90.CRT_1fc8b3b9a1e18e3b_9.0.30729.6161_x-ww_31a54e43\MSVCR90.dll
0x78480000 - 0x7850e000 	C:\WINDOWS\WinSxS\x86_Microsoft.VC90.CRT_1fc8b3b9a1e18e3b_9.0.30729.6161_x-ww_31a54e43\MSVCP90.dll
0x76ba0000 - 0x76bab000 	C:\WINDOWS\system32\PSAPI.DLL
0x74660000 - 0x746ac000 	C:\WINDOWS\system32\MSCTF.dll
0x73620000 - 0x7364e000 	C:\WINDOWS\system32\msctfime.ime
0x4edc0000 - 0x4ee16000 	C:\WINDOWS\system32\imjp81.ime
0x648f0000 - 0x649c0000 	C:\WINDOWS\system32\imjp81k.dll
0x7d5b0000 - 0x7ddb0000 	C:\WINDOWS\system32\SHELL32.dll
0x77f20000 - 0x77f96000 	C:\WINDOWS\system32\SHLWAPI.dll
0x77160000 - 0x77263000 	C:\WINDOWS\WinSxS\x86_Microsoft.Windows.Common-Controls_6595b64144ccf1df_6.0.2600.6028_x-ww_61e65202\comctl32.dll
0x6d890000 - 0x6d89f000 	C:\WORKS\PROGRAMS\Java\jdk1.6.0_25\jre\bin\zip.dll
0x3b100000 - 0x3b11b000 	C:\WINDOWS\IME\IMJP8_1\Dicts\IMJPCD.DIC
0x6d6b0000 - 0x6d6c3000 	C:\WORKS\PROGRAMS\Java\jdk1.6.0_25\jre\bin\net.dll
0x719e0000 - 0x719f7000 	C:\WINDOWS\system32\WS2_32.dll
0x719d0000 - 0x719d8000 	C:\WINDOWS\system32\WS2HELP.dll
0x6d6d0000 - 0x6d6d9000 	C:\WORKS\PROGRAMS\Java\jdk1.6.0_25\jre\bin\nio.dll
0x76d10000 - 0x76d29000 	C:\WINDOWS\system32\iphlpapi.dll
0x76cf0000 - 0x76d08000 	C:\WINDOWS\system32\MPRAPI.dll
0x77fc0000 - 0x77ff2000 	C:\WINDOWS\system32\ACTIVEDS.dll
0x76dc0000 - 0x76de5000 	C:\WINDOWS\system32\adsldpc.dll
0x59250000 - 0x592a5000 	C:\WINDOWS\system32\NETAPI32.dll
0x76f10000 - 0x76f3c000 	C:\WINDOWS\system32\WLDAP32.dll
0x76ad0000 - 0x76ae1000 	C:\WINDOWS\system32\ATL.DLL
0x76e30000 - 0x76e3e000 	C:\WINDOWS\system32\rtutils.dll
0x71b40000 - 0x71b53000 	C:\WINDOWS\system32\SAMLIB.dll
0x76040000 - 0x76199000 	C:\WINDOWS\system32\SETUPAPI.dll
0x71980000 - 0x719bf000 	C:\WINDOWS\system32\mswsock.dll
0x607c0000 - 0x60816000 	C:\WINDOWS\system32\hnetcfg.dll
0x719c0000 - 0x719c8000 	C:\WINDOWS\System32\wshtcpip.dll
0x68000000 - 0x68036000 	C:\WINDOWS\system32\rsaenh.dll
0x7e8c0000 - 0x7e971000 	C:\WINDOWS\system32\USERENV.dll
0x76ed0000 - 0x76ef7000 	C:\WINDOWS\system32\DNSAPI.dll
0x76f60000 - 0x76f68000 	C:\WINDOWS\System32\winrnr.dll
0x64000000 - 0x64021000 	C:\Program Files\Bonjour\mdnsNSP.dll
0x76f70000 - 0x76f76000 	C:\WINDOWS\system32\rasadhlp.dll
0x6d0b0000 - 0x6d1fb000 	C:\WORKS\PROGRAMS\Java\jdk1.6.0_25\jre\bin\awt.dll
0x72f50000 - 0x72f76000 	C:\WINDOWS\system32\WINSPOOL.DRV
0x6d2e0000 - 0x6d32f000 	C:\WORKS\PROGRAMS\Java\jdk1.6.0_25\jre\bin\fontmanager.dll
0x6d600000 - 0x6d609000 	C:\WORKS\PROGRAMS\Java\jdk1.6.0_25\jre\bin\management.dll
0x0a0c0000 - 0x0a115000 	C:\Program Files\NetBeans 7.1.1_CDT\platform\modules\lib\x86\jnidispatch.dll

VM Arguments:
jvm_args: -Dnetbeans.importclass=org.netbeans.upgrade.AutoUpgrade -Dnetbeans.accept_license_class=org.netbeans.license.AcceptLicense -client -Xss2m -Xms32m -XX:PermSize=32m -Dapple.laf.useScreenMenuBar=true -Dapple.awt.graphics.UseQuartz=true -Dsun.java2d.noddraw=true -Dsun.zip.disableMemoryMapping=true -Xmx384m -XX:MaxPermSize=256m -Djdk.home=C:\WORKS\PROGRAMS\Java\jdk1.6.0_25 -splash:C:\Documents and Settings\iwabuchiken\.netbeans\7.1.1\var\cache\splash.png -Dnetbeans.home=C:\Program Files\NetBeans 7.1.1_CDT\platform -Dnetbeans.user=C:\Documents and Settings\iwabuchiken\.netbeans\7.1.1 -XX:+HeapDumpOnOutOfMemoryError -XX:HeapDumpPath=C:\Documents and Settings\iwabuchiken\.netbeans\7.1.1\var\log\heapdump.hprof -Dnetbeans.system_http_proxy=DIRECT -Dsun.awt.keepWorkingSetOnMinimize=true -Dnetbeans.dirs=C:\Program Files\NetBeans 7.1.1_CDT\nb;C:\Program Files\NetBeans 7.1.1_CDT\ergonomics;C:\Program Files\NetBeans 7.1.1_CDT\ide;C:\Program Files\NetBeans 7.1.1_CDT\java;C:\Program Files\NetBeans 7.1.1_CDT\apisupport;C:\Program Files\NetBeans 7.1.1_CDT\webcommon;C:\Program Files\NetBeans 7.1.1_CDT\websvccommon;C:\Program Files\NetBeans 7.1.1_CDT\enterprise;C:\Program Files\NetBeans 7.1.1_CDT\mobility;C:\Program Files\NetBeans 7.1.1_CDT\profiler;C:\Program Files\NetBeans 7.1.1_CDT\python;C:\Program Files\NetBeans 7.1.1_CDT\php;C:\Program Files\NetBeans 7.1.1_CDT\identity;C:\Program Files\NetBeans 7.1.1_CDT\harness;C:\Program Files\NetBeans 7.1.1_CDT\cnd;C:\Program Files\NetBeans 7.1.1_CDT\dlight;C:\Program Files\NetBeans 7.1.1_CDT\groovy;C:\Program Files\NetBeans 7.1.1_CDT\extra;C:\Program Files\NetBeans 7.1.1_CDT\javacard;C:\Program Files\NetBeans 7.1.1_CDT\javafx 
java_command: <unknown>
Launcher Type: generic

Environment Variables:
CLASSPATH=.;C:\Program Files\Java\jre6\lib\ext\QTJava.zip
PATH=C:\pik\;C:\WINDOWS\system32;C:\WINDOWS;C:\WINDOWS\System32\Wbem;C:\WORKS\PROGRAMS\Git\cmd;MINGW_HOME_BIN;C:\Program Files\QuickTime\QTSystem\
USERNAME=iwabuchiken
OS=Windows_NT
PROCESSOR_IDENTIFIER=x86 Family 6 Model 15 Stepping 6, GenuineIntel



---------------  S Y S T E M  ---------------

OS: Windows XP Build 2600 Service Pack 3

CPU:total 2 (2 cores per cpu, 1 threads per core) family 6 model 15 stepping 6, cmov, cx8, fxsr, mmx, sse, sse2, sse3, ssse3

Memory: 4k page, physical 2086440k(1241496k free), swap 4023812k(3156132k free)

vm_info: Java HotSpot(TM) Client VM (20.0-b11) for windows-x86 JRE (1.6.0_25-b06), built on Apr 14 2011 01:04:32 by "java_re" with MS VC++ 7.1 (VS2003)

time: Wed Apr 04 09:16:07 2012
elapsed time: 12 seconds

